<?xml version="1.0" encoding="UTF-8"?>
<testsuite name="TankMsgCodecTest" tests="1" skipped="0" failures="0" errors="0" timestamp="2024-02-15T10:31:07" hostname="DESKTOP-5600" time="0.094">
  <properties/>
  <testcase name="testTankMsgEncoder2" classname="TankMsgCodecTest" time="0.094"/>
  <system-out><![CDATA[]]></system-out>
  <system-err><![CDATA[]]></system-err>
</testsuite>
